# JRE version: OpenJDK Runtime Environment (25.0.1+8) (build 25.0.1+8-27)
# Java VM: OpenJDK 64-Bit Server VM (25.0.1+8-27, mixed mode, sharing, tiered, compressed oops, compressed class ptrs, g1 gc, windows-amd64)
GC Precious Log:
 CardTable entry size: 512
 Card Set container configuration: InlinePtr #cards 5 size 8 Array Of Cards #cards 10 size 36 Howl #buckets 4 coarsen threshold 1843 Howl Bitmap #cards 512 size 80 coarsen threshold 460 Card regions per heap region 1 cards per card region 2048
 CPUs: 4 total, 4 available
 Memory: 8039M
 Large Page Support: Disabled
 NUMA Support: Disabled
 Compressed Oops: Enabled (32-bit)
 Heap Region Size: 1M
 Heap Min Capacity: 8M
 Heap Initial Capacity: 126M
 Heap Max Capacity: 2010M
 Pre-touch: Disabled
 Parallel Workers: 4
 Concurrent Workers: 1
 Concurrent Refinement Workers: 4
 Periodic GC: Disabled
Heap:
 garbage-first heap   total reserved 2058240K, committed 131072K, used 15235K [0x0000000082600000, 0x0000000100000000)
  region size 1024K, 11 young (11264K), 3 survivors (3072K)
GC Heap Usage History (12 events):
Event: 7.099 {heap Before GC invocations=0 (full 0):
 garbage-first heap   total reserved 2058240K, committed 131072K, used 29843K [0x0000000082600000, 0x0000000100000000)
  region size 1024K, 28 young (28672K), 0 survivors (0K)
}
Event: 7.156 {heap After GC invocations=1 (full 0):
 garbage-first heap   total reserved 2058240K, committed 131072K, used 5916K [0x0000000082600000, 0x0000000100000000)
  region size 1024K, 4 young (4096K), 4 survivors (4096K)
}
Event: 13.357 {heap Before GC invocations=1 (full 0):
 garbage-first heap   total reserved 2058240K, committed 131072K, used 58140K [0x0000000082600000, 0x0000000100000000)
  region size 1024K, 55 young (56320K), 4 survivors (4096K)
}
Event: 13.383 {heap After GC invocations=2 (full 0):
 garbage-first heap   total reserved 2058240K, committed 131072K, used 7790K [0x0000000082600000, 0x0000000100000000)
  region size 1024K, 6 young (6144K), 6 survivors (6144K)
}
Event: 14.829 {heap Before GC invocations=2 (full 0):
 garbage-first heap   total reserved 2058240K, committed 131072K, used 73326K [0x0000000082600000, 0x0000000100000000)
  region size 1024K, 70 young (71680K), 6 survivors (6144K)
}
Event: 14.837 {heap After GC invocations=3 (full 0):
 garbage-first heap   total reserved 2058240K, committed 131072K, used 8226K [0x0000000082600000, 0x0000000100000000)
  region size 1024K, 3 young (3072K), 3 survivors (3072K)
}
Event: 16.430 {heap Before GC invocations=3 (full 0):
 garbage-first heap   total reserved 2058240K, committed 131072K, used 81954K [0x0000000082600000, 0x0000000100000000)
  region size 1024K, 75 young (76800K), 3 survivors (3072K)
}
Event: 16.435 {heap After GC invocations=4 (full 0):
 garbage-first heap   total reserved 2058240K, committed 131072K, used 8018K [0x0000000082600000, 0x0000000100000000)
  region size 1024K, 3 young (3072K), 3 survivors (3072K)
}
Event: 18.067 {heap Before GC invocations=4 (full 0):
 garbage-first heap   total reserved 2058240K, committed 131072K, used 81746K [0x0000000082600000, 0x0000000100000000)
  region size 1024K, 75 young (76800K), 3 survivors (3072K)
}
Event: 18.074 {heap After GC invocations=5 (full 0):
 garbage-first heap   total reserved 2058240K, committed 131072K, used 8083K [0x0000000082600000, 0x0000000100000000)
  region size 1024K, 3 young (3072K), 3 survivors (3072K)
}
Event: 20.302 {heap Before GC invocations=5 (full 0):
 garbage-first heap   total reserved 2058240K, committed 131072K, used 81811K [0x0000000082600000, 0x0000000100000000)
  region size 1024K, 75 young (76800K), 3 survivors (3072K)
}
Event: 20.309 {heap After GC invocations=6 (full 0):
 garbage-first heap   total reserved 2058240K, committed 131072K, used 8067K [0x0000000082600000, 0x0000000100000000)
  region size 1024K, 3 young (3072K), 3 survivors (3072K)
}

